C51 COMPILER V9.00   1602DRIVER                                                            12/10/2024 16:37:16 PAGE 1   


C51 COMPILER V9.00, COMPILATION OF MODULE 1602DRIVER
OBJECT MODULE PLACED IN 1602driver.OBJ
COMPILER INVOKED BY: C:\Keil\C51\BIN\C51.EXE 1602driver.c BROWSE DEBUG OBJECTEXTEND TABS(6)

line level    source

   1          #include "1602driver.h"
   2          
   3          uchar pagination=1;
   4          
   5          void delay(uint z)
   6          {
   7   1            uint x,y;
   8   1            for(x = z;x > 0;x--)
   9   1                  {
  10   2                        for(y = 110;y > 0;y--);
  11   2                  }
  12   1      }
  13           
  14          void write_com(uchar com)
  15          {
  16   1            lcdrs = 0;
  17   1            P0 = com;
  18   1            delay(5);
  19   1            lcden = 1;
  20   1            
  21   1            delay(5);
  22   1            lcden = 0;
  23   1      }
  24           
  25          void write_data(uchar date)
  26          {
  27   1            lcdrs = 1;
  28   1            P0 = date;
  29   1            delay(5);
  30   1            lcden = 1;
  31   1            delay(5);
  32   1            lcden = 0;
  33   1      }
  34          
  35          void printf_data1(uchar ch[])
  36          {
  37   1            uint i;
  38   1            write_com(0x80);
  39   1            lcdrs = 1;
  40   1            for(i=0;ch[i]!='\0';i++)
  41   1            {
  42   2             P0 = ch[i];
  43   2             delay(5);
  44   2             lcden = 1;
  45   2             delay(5);
  46   2             lcden = 0;
  47   2            }
  48   1      }
  49          void printf_data1x(uchar ch[]) ////
  50          {
  51   1            uint i;
  52   1            write_com(0x0a);
  53   1            write_com(0x80);
  54   1            lcdrs = 1;
  55   1            for(i=0;ch[i]!='\0';i++)
C51 COMPILER V9.00   1602DRIVER                                                            12/10/2024 16:37:16 PAGE 2   

  56   1            {
  57   2             P0 = ch[i];
  58   2             delay(5);
  59   2             lcden = 1;
  60   2             delay(5);
  61   2             lcden = 0;
  62   2            }
  63   1            write_com(0x0e);
  64   1      } 
  65          void printf_data2(uchar ch[])
  66          {
  67   1            uint i;
  68   1            write_com(0x80 + 0x40);
  69   1            lcdrs = 1;
  70   1            for(i=0;ch[i]!='\0';i++)
  71   1            {
  72   2             P0 = ch[i];
  73   2             delay(5);
  74   2             lcden = 1;
  75   2             delay(5);
  76   2             lcden = 0;
  77   2            }
  78   1      }
  79           
  80           void printf_data2x(uchar ch[])
  81          {
  82   1            uint i;
  83   1            write_com(0x0a);
  84   1            write_com(0x80 + 0x40);
  85   1            lcdrs = 1;
  86   1            for(i=0;ch[i]!='\0';i++)
  87   1            {
  88   2             P0 = ch[i];
  89   2             delay(5);
  90   2             lcden = 1;
  91   2             delay(5);
  92   2             lcden = 0;
  93   2            }
  94   1            write_com(0x0e);
  95   1      }
  96          
  97          
  98          
  99          void LCD_Roll(char _dir) //¹ö¶¯ÆÁÄ»:'1'-ÏòÓÒ¹ö¶¯Ò»¸ñ,'2'-Ïò×ó
 100          {
 101   1          if (_dir == 1 || _dir == 1)
 102   1          {
 103   2              write_com(0x18); //×ó¹ö
 104   2          }
 105   1          else if (_dir == 2 || _dir == 2)
 106   1          {
 107   2              write_com(0x1C); //ÓÒ¹ö
 108   2          }
 109   1      }
 110          
 111          void LCD_Page_Turning_R()     //ÓÒ·­Ò³
 112          {
 113   1            
 114   1            uint i=0;
 115   1            write_com(0x0a);
 116   1            for(i=0;i<16;i++)
 117   1            {
C51 COMPILER V9.00   1602DRIVER                                                            12/10/2024 16:37:16 PAGE 3   

 118   2            write_com(0x18);
 119   2            }
 120   1            write_com(0x0e);
 121   1      }
 122          
 123          void LCD_Page_Turning_L()     //×ó·­Ò³
 124          {
 125   1            
 126   1            uint i=0;
 127   1            write_com(0x0a);
 128   1            for(i=0;i<16;i++)
 129   1            {
 130   2            write_com(0x1c);
 131   2            }
 132   1            write_com(0x0e);
 133   1      }
 134          
 135          void LCD_cursor_R()
 136          {
 137   1            write_com(0x14);
 138   1      }
 139          void LCD_cursor_L()
 140          {
 141   1            write_com(0x10);
 142   1      }
 143          
 144          void init()
 145          {
 146   1            lcden = 0;
 147   1            write_com(0x38);
 148   1            write_com(0x0f);
 149   1            write_com(0x06);
 150   1            write_com(0x01);
 151   1            write_com(0x0e);
 152   1      }
 153           


MODULE INFORMATION:   STATIC OVERLAYABLE
   CODE SIZE        =    408    ----
   CONSTANT SIZE    =   ----    ----
   XDATA SIZE       =   ----    ----
   PDATA SIZE       =   ----    ----
   DATA SIZE        =      1      20
   IDATA SIZE       =   ----    ----
   BIT SIZE         =   ----    ----
END OF MODULE INFORMATION.


C51 COMPILATION COMPLETE.  0 WARNING(S),  0 ERROR(S)
