C51 COMPILER V9.00   INTERRUPT                                                             12/09/2024 22:26:43 PAGE 1   


C51 COMPILER V9.00, COMPILATION OF MODULE INTERRUPT
OBJECT MODULE PLACED IN interrupt.OBJ
COMPILER INVOKED BY: C:\Keil\C51\BIN\C51.EXE interrupt.c BROWSE DEBUG OBJECTEXTEND TABS(6)

line level    source

   1          #include "interrupt.h"
   2          
   3          
   4          //--------------------
   5          //计时器中断0和1
   6          //--------------------
   7          void counter0_init(uchar i)
   8          {
   9   1          TMOD=i;
  10   1          EA=1;
  11   1          ET0=1;
  12   1          TR0=1;
  13   1      }
  14          void counter0_num(uchar i)
  15          {
  16   1           TH0 = i/256;
  17   1           TL0 = i%256;
  18   1      }
  19          
  20          
  21          void counter1_init(uchar i)
  22          {
  23   1          TMOD=i;
  24   1          EA=1;
  25   1          ET1=1;
  26   1          TR1=1;
  27   1      }
  28          void counter1_num(uchar i)
  29          {
  30   1           TH1 = i/256;
  31   1           TL1 = i%256;
  32   1      }
  33          
  34          void counter1() interrupt 3
  35          {
  36   1      
  37   1      }
  38          
  39          //--------------------
  40          // 外部中断0和1
  41          //--------------------
  42          void int0_init()
  43          {
  44   1          EA = 1; // 开总中断
  45   1          EX0 = 1; // 开外中断0
  46   1          IT0 = 1; //边沿触发
  47   1      }
  48          
  49          void int1_init()
  50          {
  51   1          EA = 1; // 开总中断
  52   1          EX1 = 1; // 开外中断1
  53   1          IT1 = 1; 
  54   1      }
  55          
C51 COMPILER V9.00   INTERRUPT                                                             12/09/2024 22:26:43 PAGE 2   

  56          
  57          
  58          
  59          


MODULE INFORMATION:   STATIC OVERLAYABLE
   CODE SIZE        =     61    ----
   CONSTANT SIZE    =   ----    ----
   XDATA SIZE       =   ----    ----
   PDATA SIZE       =   ----    ----
   DATA SIZE        =   ----    ----
   IDATA SIZE       =   ----    ----
   BIT SIZE         =   ----    ----
END OF MODULE INFORMATION.


C51 COMPILATION COMPLETE.  0 WARNING(S),  0 ERROR(S)
