C51 COMPILER V9.00   LED                                                                   12/10/2024 16:37:16 PAGE 1   


C51 COMPILER V9.00, COMPILATION OF MODULE LED
OBJECT MODULE PLACED IN LED.OBJ
COMPILER INVOKED BY: C:\Keil\C51\BIN\C51.EXE LED.c BROWSE DEBUG OBJECTEXTEND TABS(6)

line level    source

   1          #include "LED.h"
   2          
   3          uchar  seg[] = {0x3F,  //"0"
   4                          0x06,  //"1"
   5                          0x5B,  //"2"
   6                          0x4F,  //"3"
   7                          0x66,  //"4"
   8                          0x6D,  //"5"
   9                          0x7D,  //"6"
  10                          0x07,  //"7"
  11                          0x7F,  //"8"
  12                          0x6F,  //"9"
  13                          };
  14          void LEDdelay(uint z)
  15          {
  16   1            uint x,y;
  17   1            for(x = z;x > 0;x--)
  18   1                  {
  19   2                        for(y = 110;y > 0;y--);
  20   2                  }
  21   1      }
  22          
  23          void LED_printf(uchar ab[])
  24          {
  25   1      
  26   1      
  27   1       uchar i;
  28   1       uchar k;
  29   1       uchar kk;
  30   1       for(i=0;i<4;i++)
  31   1       {
  32   2         k=ab[i];
  33   2        switch(k)
  34   2        {
  35   3            case'0': kk=0;
  36   3         break;
  37   3            case'1': kk=1;
  38   3         break;
  39   3            case'2': kk=2;
  40   3         break;
  41   3            case'3': kk=3;
  42   3         break;  
  43   3            case'4': kk=4;
  44   3         break;
  45   3            case'5': kk=5;
  46   3         break;
  47   3            case'6': kk=6;
  48   3         break;
  49   3            case'7': kk=7;
  50   3         break;
  51   3            case'8': kk=8;
  52   3         break;
  53   3            case'9': kk=9;
  54   3         break;
  55   3         ////////////////////
C51 COMPILER V9.00   LED                                                                   12/10/2024 16:37:16 PAGE 2   

  56   3            case 0: kk=0;
  57   3         break;
  58   3            case 1: kk=1;
  59   3         break;
  60   3            case 2: kk=2;
  61   3         break; 
  62   3            case 3: kk=3;
  63   3         break;  
  64   3            case 4: kk=4;
  65   3         break;
  66   3            case 5: kk=5;
  67   3         break;
  68   3            case 6: kk=6;
  69   3         break;
  70   3            case 7: kk=7;
  71   3         break;
  72   3            case 8: kk=8;
  73   3         break;
  74   3            case 9: kk=9;
  75   3         break;
  76   3         ////////////////////
  77   3         default:
  78   3         break;     
  79   3      
  80   3        }
  81   2        if(i==2)
  82   2        {
  83   3         P1=seg[ kk ]+0x80;
  84   3        led0=i/2;
  85   3        led1=i%2;
  86   3        LEDdelay(4);
  87   3        P1=0X00;
  88   3        }
  89   2        else
  90   2        {
  91   3           P1=seg[ kk ];
  92   3        led0=i/2;
  93   3        led1=i%2;
  94   3        LEDdelay(4);
  95   3        P1=0X00;
  96   3        }
  97   2       }
  98   1      
  99   1      
 100   1      }


MODULE INFORMATION:   STATIC OVERLAYABLE
   CODE SIZE        =    247    ----
   CONSTANT SIZE    =   ----    ----
   XDATA SIZE       =   ----    ----
   PDATA SIZE       =   ----    ----
   DATA SIZE        =     10       5
   IDATA SIZE       =   ----    ----
   BIT SIZE         =   ----    ----
END OF MODULE INFORMATION.


C51 COMPILATION COMPLETE.  0 WARNING(S),  0 ERROR(S)
